<?xml version="1.0" encoding="UTF-8"?>
<testsuite xmlns:xsi="http://www.w3.org/2001/XMLSchema-instance" xsi:noNamespaceSchemaLocation="https://maven.apache.org/surefire/maven-surefire-plugin/xsd/surefire-test-report-3.0.xsd" version="3.0" name="RulesTest" time="0.065" tests="6" errors="0" skipped="0" failures="0">
  <properties>
[...]
</properties>
  <testcase name="paperLostWithScissors" classname="RulesTest" time="0.038"/>
  <testcase name="rockBeatsScissors" classname="RulesTest" time="0.001"/>
  <testcase name="scissorsLostWithRock" classname="RulesTest" time="0.001"/>
  <testcase name="paperBeatsRock" classname="RulesTest" time="0.001"/>
  <testcase name="scissorsBeatsPaper" classname="RulesTest" time="0.001"/>
  <testcase name="rockLostWithPaper" classname="RulesTest" time="0.0"/>
</testsuite>